<?xml version="1.0" encoding="UTF-8"?>
<!-- Generated by org.testng.reporters.JUnitReportReporter -->
<testsuite hostname="Varun-PC" failures="0" tests="1" name="com.test.SpiceJetTest" time="48.728" errors="0" timestamp="10 May 2020 09:10:58 GMT">
  <testcase classname="com.test.SpiceJetTest" name="Testing" time="48.728"/>
</testsuite> <!-- com.test.SpiceJetTest -->
