<?xml version="1.0" encoding="UTF-8"?>
<!-- Generated by org.testng.reporters.JUnitReportReporter -->
<testsuite hostname="Varun-PC" failures="0" tests="1" name="bmwtest.com.BmwTest" time="21.423" errors="0" timestamp="10 May 2020 09:02:29 GMT">
  <testcase classname="bmwtest.com.BmwTest" name="tests" time="21.423"/>
</testsuite> <!-- bmwtest.com.BmwTest -->
