<?xml version="1.0" encoding="UTF-8"?>
<!-- Generated by org.testng.reporters.JUnitReportReporter -->
<testsuite hostname="Varun-PC" failures="0" tests="1" name="royaltest.RoyalTest" time="45.635" errors="0" timestamp="9 May 2020 01:06:47 GMT">
  <testcase classname="royaltest.RoyalTest" name="Testing" time="45.635"/>
</testsuite> <!-- royaltest.RoyalTest -->
